<?xml version="1.0" encoding="UTF-8"?>
<!-- Generated by org.testng.reporters.JUnitReportReporter -->
<testsuite hostname="LAPTOP-F2730997" failures="0" tests="1" name="bot.sf.testcases.CreateNewOpprtunity" time="30.312" errors="0" timestamp="2022-06-25T22:38:05 IST" skipped="0">
  <testcase classname="bot.sf.testcases.CreateNewOpprtunity" name="runScenario" time="30.312"/>
  <system-out/>
</testsuite> <!-- bot.sf.testcases.CreateNewOpprtunity -->
