<?xml version="1.0" encoding="UTF-8"?>
<!-- Generated by org.testng.reporters.JUnitReportReporter -->
<testsuite hostname="LAPTOP-F2730997" failures="0" tests="1" name="bot.sf.testcases.Login" time="8.102" errors="0" timestamp="2022-06-18T13:20:31 IST" skipped="0">
  <testcase classname="bot.sf.testcases.Login" name="runlogin" time="8.102"/>
  <system-out/>
</testsuite> <!-- bot.sf.testcases.Login -->
