<?xml version="1.0" encoding="UTF-8"?>
<!-- Generated by org.testng.reporters.JUnitReportReporter -->
<testsuite hostname="LAPTOP-F2730997" failures="0" tests="1" name="bot.sf.testcases.LoginSalesForce" time="15.309" errors="0" timestamp="2022-06-25T22:47:02 IST" skipped="0">
  <testcase classname="bot.sf.testcases.LoginSalesForce" name="runScenario" time="15.309"/>
  <system-out/>
</testsuite> <!-- bot.sf.testcases.LoginSalesForce -->
